 gaussian 0 21
  17852930.0000000            0.0000790  
   2673038.0000000            0.0002200  
    608324.4000000            0.0005730  
    172317.6000000            0.0013640  
     56222.6900000            0.0031790  
     20299.8500000            0.0073820  
      7918.8710000            0.0173430  
      3285.3400000            0.0406290  
      1433.5240000            0.0911280  
       652.2889000            0.1824150  
       307.4360000            0.2944610  
       149.1466000            0.3208580  
        73.4510800            0.1763940  
        33.9256200            0.0269500  
        17.1894700           -0.0014620  
         8.6665950            0.0009880  
         3.9725050           -0.0004540  
         1.8946650            0.0001670  
         0.8593850           -0.0000670  
         0.1952560            0.0000210  
         0.0858540           -0.0000150  
 gaussian 0 21
  17852930.0000000           -0.0000250  
   2673038.0000000           -0.0000690  
    608324.4000000           -0.0001810  
    172317.6000000           -0.0004320  
     56222.6900000           -0.0010080  
     20299.8500000           -0.0023580  
      7918.8710000           -0.0055880  
      3285.3400000           -0.0133770  
      1433.5240000           -0.0311060  
       652.2889000           -0.0675820  
       307.4360000           -0.1266200  
       149.1466000           -0.1842860  
        73.4510800           -0.1210030  
        33.9256200            0.2220190  
        17.1894700            0.5609470  
         8.6665950            0.3524860  
         3.9725050            0.0454330  
         1.8946650            0.0000520  
         0.8593850            0.0010090  
         0.1952560           -0.0001180  
         0.0858540            0.0000890  
 gaussian 0 21
  17852930.0000000            0.0000090  
   2673038.0000000            0.0000260  
    608324.4000000            0.0000690  
    172317.6000000            0.0001640  
     56222.6900000            0.0003820  
     20299.8500000            0.0008950  
      7918.8710000            0.0021220  
      3285.3400000            0.0051030  
      1433.5240000            0.0118880  
       652.2889000            0.0261860  
       307.4360000            0.0498050  
       149.1466000            0.0759660  
        73.4510800            0.0517660  
        33.9256200           -0.1129780  
        17.1894700           -0.4012980  
         8.6665950           -0.3347370  
         3.9725050            0.3331000  
         1.8946650            0.6889720  
         0.8593850            0.2848640  
         0.1952560            0.0082440  
         0.0858540           -0.0030930  
 gaussian 0 21
  17852930.0000000           -0.0000020  
   2673038.0000000           -0.0000050  
    608324.4000000           -0.0000140  
    172317.6000000           -0.0000330  
     56222.6900000           -0.0000770  
     20299.8500000           -0.0001820  
      7918.8710000           -0.0004290  
      3285.3400000           -0.0010360  
      1433.5240000           -0.0024050  
       652.2889000           -0.0053370  
       307.4360000           -0.0100900  
       149.1466000           -0.0156710  
        73.4510800           -0.0104000  
        33.9256200            0.0231260  
        17.1894700            0.0899450  
         8.6665950            0.0735120  
         3.9725050           -0.0850030  
         1.8946650           -0.2289690  
         0.8593850           -0.1810930  
         0.1952560            0.3479990  
         0.0858540            0.5700400  
 gaussian 0 21
  17852930.0000000           -0.0000050  
   2673038.0000000           -0.0000150  
    608324.4000000           -0.0000390  
    172317.6000000           -0.0000930  
     56222.6900000           -0.0002130  
     20299.8500000           -0.0005170  
      7918.8710000           -0.0011580  
      3285.3400000           -0.0030170  
      1433.5240000           -0.0063280  
       652.2889000           -0.0159920  
       307.4360000           -0.0253830  
       149.1466000           -0.0508780  
        73.4510800           -0.0147930  
        33.9256200            0.0305570  
        17.1894700            0.3475700  
         8.6665950            0.1094030  
         3.9725050           -0.2208400  
         1.8946650           -1.3044110  
         0.8593850            1.0663570  
         0.1952560            1.4271740  
         0.0858540           -1.2613610  
 gaussian 0 21
  17852930.0000000            0.0000070  
   2673038.0000000            0.0000210  
    608324.4000000            0.0000540  
    172317.6000000            0.0001270  
     56222.6900000            0.0002990  
     20299.8500000            0.0006950  
      7918.8710000            0.0016700  
      3285.3400000            0.0039400  
      1433.5240000            0.0094460  
       652.2889000            0.0201520  
       307.4360000            0.0404710  
       149.1466000            0.0582110  
        73.4510800            0.0480920  
        33.9256200           -0.1061780  
        17.1894700           -0.3822290  
         8.6665950           -0.5135870  
         3.9725050            1.5357960  
         1.8946650            0.6749030  
         0.8593850           -2.5422360  
         0.1952560            2.3368240  
         0.0858540           -0.9072220  
 gaussian 0 21
  17852930.0000000           -0.0000100  
   2673038.0000000           -0.0000280  
    608324.4000000           -0.0000730  
    172317.6000000           -0.0001710  
     56222.6900000           -0.0004140  
     20299.8500000           -0.0009140  
      7918.8710000           -0.0023740  
      3285.3400000           -0.0050120  
      1433.5240000           -0.0139070  
       652.2889000           -0.0245170  
       307.4360000           -0.0633700  
       149.1466000           -0.0618520  
        73.4510800           -0.1068480  
        33.9256200            0.2254310  
        17.1894700            0.5674800  
         8.6665950            1.0107520  
         3.9725050           -5.5611700  
         1.8946650            6.9915000  
         0.8593850           -3.5424600  
         0.1952560            0.0395280  
         0.0858540            1.6266830  
 gaussian 0 1 0.0367810
 gaussian 1 17
     52867.9300000            0.0000630  
     12511.7900000            0.0002210  
      4065.2860000            0.0008710  
      1557.5950000            0.0031550  
       663.2892000            0.0107140  
       304.1561000            0.0322280  
       147.3680000            0.0837700  
        74.4546900            0.1778440  
        38.7149300            0.2905790  
        20.5702200            0.3275000  
        11.0542500            0.2059230  
         5.8746610            0.0549140  
         3.0529360            0.0049090  
         1.5472250            0.0009730  
         0.7541510            0.0001840  
         0.2655530            0.0000500  
         0.1019080           -0.0000120  
 gaussian 1 17
     52867.9300000           -0.0000240  
     12511.7900000           -0.0000830  
      4065.2860000           -0.0003270  
      1557.5950000           -0.0011910  
       663.2892000           -0.0040650  
       304.1561000           -0.0124020  
       147.3680000           -0.0329760  
        74.4546900           -0.0726830  
        38.7149300           -0.1239840  
        20.5702200           -0.1462900  
        11.0542500           -0.0402280  
         5.8746610            0.2098190  
         3.0529360            0.4113650  
         1.5472250            0.3688220  
         0.7541510            0.1542010  
         0.2655530            0.0141420  
         0.1019080           -0.0015040  
 gaussian 1 17
     52867.9300000            0.0000040  
     12511.7900000            0.0000150  
      4065.2860000            0.0000610  
      1557.5950000            0.0002180  
       663.2892000            0.0007550  
       304.1561000            0.0022760  
       147.3680000            0.0061530  
        74.4546900            0.0133900  
        38.7149300            0.0234670  
        20.5702200            0.0268920  
        11.0542500            0.0074420  
         5.8746610           -0.0497760  
         3.0529360           -0.0890630  
         1.5472250           -0.1028810  
         0.7541510            0.0042210  
         0.2655530            0.3049800  
         0.1019080            0.5410500  
 gaussian 1 17
     52867.9300000            0.0000080  
     12511.7900000            0.0000270  
      4065.2860000            0.0001090  
      1557.5950000            0.0003850  
       663.2892000            0.0013540  
       304.1561000            0.0040080  
       147.3680000            0.0110550  
        74.4546900            0.0234910  
        38.7149300            0.0425770  
        20.5702200            0.0468610  
        11.0542500            0.0177220  
         5.8746610           -0.1003030  
         3.0529360           -0.1633930  
         1.5472250           -0.1893930  
         0.7541510            0.1172440  
         0.2655530            0.6469500  
         0.1019080            0.3799520  
 gaussian 1 17
     52867.9300000            0.0000170  
     12511.7900000            0.0000580  
      4065.2860000            0.0002460  
      1557.5950000            0.0008210  
       663.2892000            0.0030900  
       304.1561000            0.0085000  
       147.3680000            0.0254170  
        74.4546900            0.0492100  
        38.7149300            0.1006690  
        20.5702200            0.0965090  
        11.0542500            0.0819270  
         5.8746610           -0.3834010  
         3.0529360           -0.4182030  
         1.5472250           -0.1677070  
         0.7541510            1.1948090  
         0.2655530           -0.0019210  
         0.1019080           -0.7337660  
 gaussian 1 17
     52867.9300000           -0.0000220  
     12511.7900000           -0.0000800  
      4065.2860000           -0.0002860  
      1557.5950000           -0.0011850  
       663.2892000           -0.0034930  
       304.1561000           -0.0125320  
       147.3680000           -0.0281370  
        74.4546900           -0.0760000  
        38.7149300           -0.0985060  
        20.5702200           -0.2143670  
        11.0542500           -0.0265110  
         5.8746610            0.7728880  
         3.0529360            0.6874980  
         1.5472250           -1.8748440  
         0.7541510            0.3864500  
         0.2655530            1.2436150  
         0.1019080           -1.0725970  
 gaussian 1 1 0.0386230
 gaussian 2 10
       690.0847000            0.0002080  
       202.3066000            0.0018800  
        77.4459400            0.0103150  
        33.6837800            0.0379340  
        15.6699800            0.1028900  
         7.6224700            0.2026810  
         3.7499780            0.2845300  
         1.8181510            0.3024300  
         0.8555970            0.2489250  
         0.3838420            0.1422960  
 gaussian 2 10
       690.0847000           -0.0002900  
       202.3066000           -0.0026300  
        77.4459400           -0.0145340  
        33.6837800           -0.0539330  
        15.6699800           -0.1524270  
         7.6224700           -0.3000970  
         3.7499780           -0.3103010  
         1.8181510            0.0218570  
         0.8555970            0.3961220  
         0.3838420            0.3968090  
 gaussian 2 10
       690.0847000           -0.0003220  
       202.3066000           -0.0029800  
        77.4459400           -0.0163530  
        33.6837800           -0.0616730  
        15.6699800           -0.1858900  
         7.6224700           -0.3750080  
         3.7499780           -0.0401820  
         1.8181510            0.6109590  
         0.8555970            0.3386520  
         0.3838420           -0.4891340  
 gaussian 2 10
       690.0847000            0.0004570  
       202.3066000            0.0037910  
        77.4459400            0.0230360  
        33.6837800            0.0812020  
        15.6699800            0.2937930  
         7.6224700            0.4477370  
         3.7499780           -0.6033540  
         1.8181510           -0.6904040  
         0.8555970            0.9760680  
         0.3838420            0.2286070  
 gaussian 2 1 0.1579520
 gaussian 3 1 8.6408000
 gaussian 3 1 2.6947000
 gaussian 3 1 0.8403000
 gaussian 4 1 6.8215000
 gaussian 4 1 2.0378000
 gaussian 5 1 4.3396000
